<?xml version="1.0" encoding="UTF-8"?>
<!-- Generated by org.testng.reporters.JUnitXMLReporter -->
<testsuite ignored="0" hostname="DESKTOP-TDN32S1" failures="0" tests="10" name="Command line test" time="16.594" errors="0" timestamp="2022-04-25T14:48:01 MSK">
  <testcase classname="TestPage.RegistrationTest.Negative.ValidationRegistrationFieldTest" name="RegistrationWithEmptyField" time="2.453"/>
  <testcase classname="TestPage.RegistrationTest.Negative.ValidationRegistrationFieldTest" name="RegistrationWithOutEmail" time="0.647"/>
  <testcase classname="TestPage.RegistrationTest.Negative.ValidationRegistrationFieldTest" name="RegistrationWithOutPassword" time="0.556"/>
  <testcase classname="TestPage.RegistrationTest.Negative.ValidationRegistrationFieldTest" name="RegistrationWithReusingEmail" time="1.141"/>
  <testcase classname="TestPage.RegistrationTest.Negative.ValidationRegistrationFieldTest" name="RegistrationWithScriptInjection" time="0.993"/>
  <testcase classname="TestPage.RegistrationTest.Negative.ValidationRegistrationFieldTest" name="RegistrationWithSpaceOnNames" time="0.611"/>
  <testcase classname="TestPage.RegistrationTest.Positive.StatesAndTransitionTest" name="CheckConfirmDataAfterRegistration" time="3.435"/>
  <testcase classname="TestPage.RegistrationTest.Positive.StatesAndTransitionTest" name="LoginWithCorrectData" time="2.31"/>
  <testcase classname="TestPage.RegistrationTest.Positive.ValidationRegistrationFieldTest" name="RegistrationWithGenderFemale" time="2.464"/>
  <testcase classname="TestPage.RegistrationTest.Positive.ValidationRegistrationFieldTest" name="RegistrationWithOutGender" time="1.685"/>
</testsuite> <!-- Command line test -->
