<?xml version="1.0" encoding="UTF-8"?>
<testng-results ignored="0" total="10" passed="10" failed="0" skipped="0">
  <reporter-output>
  </reporter-output>
  <suite started-at="2022-04-25T14:47:44 MSK" name="Command line suite" finished-at="2022-04-25T14:48:01 MSK" duration-ms="16594">
    <groups>
    </groups>
    <test started-at="2022-04-25T14:47:44 MSK" name="Command line test" finished-at="2022-04-25T14:48:01 MSK" duration-ms="16594">
      <class name="TestPage.RegistrationTest.Negative.ValidationRegistrationFieldTest">
        <test-method signature="RegistrationWithEmptyField()[pri:0, instance:TestPage.RegistrationTest.Negative.ValidationRegistrationFieldTest@1536ea40]" started-at="2022-04-25T14:47:44 MSK" name="RegistrationWithEmptyField" finished-at="2022-04-25T14:47:47 MSK" duration-ms="2453" status="PASS">
          <reporter-output>
          </reporter-output>
        </test-method> <!-- RegistrationWithEmptyField -->
        <test-method signature="RegistrationWithOutEmail()[pri:0, instance:TestPage.RegistrationTest.Negative.ValidationRegistrationFieldTest@1536ea40]" started-at="2022-04-25T14:47:47 MSK" name="RegistrationWithOutEmail" finished-at="2022-04-25T14:47:48 MSK" duration-ms="647" status="PASS">
          <reporter-output>
          </reporter-output>
        </test-method> <!-- RegistrationWithOutEmail -->
        <test-method signature="RegistrationWithOutPassword()[pri:0, instance:TestPage.RegistrationTest.Negative.ValidationRegistrationFieldTest@1536ea40]" started-at="2022-04-25T14:47:48 MSK" name="RegistrationWithOutPassword" finished-at="2022-04-25T14:47:48 MSK" duration-ms="556" status="PASS">
          <reporter-output>
          </reporter-output>
        </test-method> <!-- RegistrationWithOutPassword -->
        <test-method signature="RegistrationWithReusingEmail()[pri:0, instance:TestPage.RegistrationTest.Negative.ValidationRegistrationFieldTest@1536ea40]" started-at="2022-04-25T14:47:48 MSK" name="RegistrationWithReusingEmail" finished-at="2022-04-25T14:47:49 MSK" duration-ms="1141" status="PASS">
          <reporter-output>
          </reporter-output>
        </test-method> <!-- RegistrationWithReusingEmail -->
        <test-method signature="RegistrationWithScriptInjection()[pri:0, instance:TestPage.RegistrationTest.Negative.ValidationRegistrationFieldTest@1536ea40]" started-at="2022-04-25T14:47:49 MSK" name="RegistrationWithScriptInjection" finished-at="2022-04-25T14:47:50 MSK" duration-ms="993" status="PASS">
          <reporter-output>
          </reporter-output>
        </test-method> <!-- RegistrationWithScriptInjection -->
        <test-method signature="RegistrationWithSpaceOnNames()[pri:0, instance:TestPage.RegistrationTest.Negative.ValidationRegistrationFieldTest@1536ea40]" started-at="2022-04-25T14:47:50 MSK" name="RegistrationWithSpaceOnNames" finished-at="2022-04-25T14:47:51 MSK" duration-ms="611" status="PASS">
          <reporter-output>
          </reporter-output>
        </test-method> <!-- RegistrationWithSpaceOnNames -->
      </class> <!-- TestPage.RegistrationTest.Negative.ValidationRegistrationFieldTest -->
      <class name="TestPage.RegistrationTest.Positive.ValidationRegistrationFieldTest">
        <test-method signature="RegistrationWithGenderFemale()[pri:0, instance:TestPage.RegistrationTest.Positive.ValidationRegistrationFieldTest@4e22368c]" started-at="2022-04-25T14:47:57 MSK" name="RegistrationWithGenderFemale" finished-at="2022-04-25T14:47:59 MSK" duration-ms="2464" status="PASS">
          <reporter-output>
          </reporter-output>
        </test-method> <!-- RegistrationWithGenderFemale -->
        <test-method signature="RegistrationWithOutGender()[pri:0, instance:TestPage.RegistrationTest.Positive.ValidationRegistrationFieldTest@4e22368c]" started-at="2022-04-25T14:47:59 MSK" name="RegistrationWithOutGender" finished-at="2022-04-25T14:48:01 MSK" duration-ms="1685" status="PASS">
          <reporter-output>
          </reporter-output>
        </test-method> <!-- RegistrationWithOutGender -->
      </class> <!-- TestPage.RegistrationTest.Positive.ValidationRegistrationFieldTest -->
      <class name="TestPage.RegistrationTest.Positive.StatesAndTransitionTest">
        <test-method signature="CheckConfirmDataAfterRegistration()[pri:0, instance:TestPage.RegistrationTest.Positive.StatesAndTransitionTest@3a4aadf8]" started-at="2022-04-25T14:47:51 MSK" name="CheckConfirmDataAfterRegistration" finished-at="2022-04-25T14:47:54 MSK" duration-ms="3435" status="PASS">
          <reporter-output>
          </reporter-output>
        </test-method> <!-- CheckConfirmDataAfterRegistration -->
        <test-method signature="LoginWithCorrectData()[pri:0, instance:TestPage.RegistrationTest.Positive.StatesAndTransitionTest@3a4aadf8]" started-at="2022-04-25T14:47:54 MSK" name="LoginWithCorrectData" finished-at="2022-04-25T14:47:57 MSK" duration-ms="2310" status="PASS">
          <reporter-output>
          </reporter-output>
        </test-method> <!-- LoginWithCorrectData -->
      </class> <!-- TestPage.RegistrationTest.Positive.StatesAndTransitionTest -->
    </test> <!-- Command line test -->
  </suite> <!-- Command line suite -->
</testng-results>
