<?xml version="1.0" encoding="UTF-8" ?>
<testsuite tests="10" failures="0" name="TestSuite" time="16.293" errors="0" skipped="0">
  <properties>
[...]
</properties>
  <testcase classname="TestPage.RegistrationTest.Negative.ValidationRegistrationFieldTest" name="RegistrationWithEmptyField" time="2.454"/>
  <testcase classname="TestPage.RegistrationTest.Negative.ValidationRegistrationFieldTest" name="RegistrationWithOutEmail" time="0.645"/>
  <testcase classname="TestPage.RegistrationTest.Negative.ValidationRegistrationFieldTest" name="RegistrationWithOutPassword" time="0.556"/>
  <testcase classname="TestPage.RegistrationTest.Negative.ValidationRegistrationFieldTest" name="RegistrationWithReusingEmail" time="1.139"/>
  <testcase classname="TestPage.RegistrationTest.Negative.ValidationRegistrationFieldTest" name="RegistrationWithScriptInjection" time="0.993"/>
  <testcase classname="TestPage.RegistrationTest.Negative.ValidationRegistrationFieldTest" name="RegistrationWithSpaceOnNames" time="0.613"/>
  <testcase classname="TestPage.RegistrationTest.Positive.StatesAndTransitionTest" name="CheckConfirmDataAfterRegistration" time="3.435"/>
  <testcase classname="TestPage.RegistrationTest.Positive.StatesAndTransitionTest" name="LoginWithCorrectData" time="2.309"/>
  <testcase classname="TestPage.RegistrationTest.Positive.ValidationRegistrationFieldTest" name="RegistrationWithGenderFemale" time="2.464"/>
  <testcase classname="TestPage.RegistrationTest.Positive.ValidationRegistrationFieldTest" name="RegistrationWithOutGender" time="1.685"/>
</testsuite>